2024-09-26 09:11:57,136 INFO Included extra file "/etc/supervisor/conf.d/apache.conf" during parsing
2024-09-26 09:11:57,136 INFO Set uid to user 1000 succeeded
2024-09-26 09:11:57,140 INFO RPC interface 'supervisor' initialized
2024-09-26 09:11:57,140 CRIT Server 'inet_http_server' running without any HTTP authentication checking
2024-09-26 09:11:57,141 INFO RPC interface 'supervisor' initialized
2024-09-26 09:11:57,141 CRIT Server 'unix_http_server' running without any HTTP authentication checking
2024-09-26 09:11:57,141 INFO supervisord started with pid 1
2024-09-26 09:11:58,144 INFO spawned: 'apache2' with pid 7
2024-09-26 09:11:58,147 WARN exited: apache2 (exit status 127; not expected)
2024-09-26 09:11:59,149 INFO spawned: 'apache2' with pid 9
2024-09-26 09:11:59,154 WARN exited: apache2 (exit status 127; not expected)
2024-09-26 09:12:01,158 INFO spawned: 'apache2' with pid 11
2024-09-26 09:12:01,162 WARN exited: apache2 (exit status 127; not expected)
2024-09-26 09:12:04,167 INFO spawned: 'apache2' with pid 13
2024-09-26 09:12:04,171 WARN exited: apache2 (exit status 127; not expected)
2024-09-26 09:12:08,177 INFO spawned: 'apache2' with pid 15
2024-09-26 09:12:08,181 WARN exited: apache2 (exit status 127; not expected)
2024-09-26 09:12:13,188 INFO spawned: 'apache2' with pid 17
2024-09-26 09:12:13,192 WARN exited: apache2 (exit status 127; not expected)
2024-09-26 09:12:19,199 INFO spawned: 'apache2' with pid 19
2024-09-26 09:12:19,204 WARN exited: apache2 (exit status 127; not expected)
2024-09-26 09:12:26,212 INFO spawned: 'apache2' with pid 21
2024-09-26 09:12:26,216 WARN exited: apache2 (exit status 127; not expected)
2024-09-26 09:12:34,984 INFO Included extra file "/etc/supervisor/conf.d/apache.conf" during parsing
2024-09-26 09:12:34,984 INFO Set uid to user 1000 succeeded
2024-09-26 09:12:34,988 INFO RPC interface 'supervisor' initialized
2024-09-26 09:12:34,988 CRIT Server 'inet_http_server' running without any HTTP authentication checking
2024-09-26 09:12:35,289 INFO RPC interface 'supervisor' initialized
2024-09-26 09:12:35,289 CRIT Server 'unix_http_server' running without any HTTP authentication checking
2024-09-26 09:12:35,289 INFO supervisord started with pid 1
2024-09-26 09:12:36,291 INFO spawned: 'apache2' with pid 7
2024-09-26 09:12:37,429 INFO success: apache2 entered RUNNING state, process has stayed up for > than 1 seconds (startsecs)
2024-09-26 09:21:32,662 INFO Included extra file "/etc/supervisor/conf.d/apache.conf" during parsing
2024-09-26 09:21:32,663 INFO Set uid to user 1000 succeeded
2024-09-26 09:21:32,666 INFO RPC interface 'supervisor' initialized
2024-09-26 09:21:32,666 CRIT Server 'inet_http_server' running without any HTTP authentication checking
2024-09-26 09:21:32,967 INFO RPC interface 'supervisor' initialized
2024-09-26 09:21:32,967 CRIT Server 'unix_http_server' running without any HTTP authentication checking
2024-09-26 09:21:32,968 INFO supervisord started with pid 1
2024-09-26 09:21:33,970 INFO spawned: 'apache2' with pid 7
2024-09-26 09:21:35,004 INFO success: apache2 entered RUNNING state, process has stayed up for > than 1 seconds (startsecs)
2024-09-26 09:32:20,265 INFO Included extra file "/etc/supervisor/conf.d/apache.conf" during parsing
2024-09-26 09:32:20,265 INFO Set uid to user 1000 succeeded
2024-09-26 09:32:20,269 INFO RPC interface 'supervisor' initialized
2024-09-26 09:32:20,269 CRIT Server 'inet_http_server' running without any HTTP authentication checking
2024-09-26 09:32:20,570 INFO RPC interface 'supervisor' initialized
2024-09-26 09:32:20,570 CRIT Server 'unix_http_server' running without any HTTP authentication checking
2024-09-26 09:32:20,570 INFO supervisord started with pid 1
2024-09-26 09:32:21,572 INFO spawned: 'apache2' with pid 7
2024-09-26 09:32:22,855 INFO success: apache2 entered RUNNING state, process has stayed up for > than 1 seconds (startsecs)
2024-09-26 09:34:46,380 INFO Included extra file "/etc/supervisor/conf.d/apache.conf" during parsing
2024-09-26 09:34:46,380 INFO Set uid to user 1000 succeeded
2024-09-26 09:34:46,383 INFO RPC interface 'supervisor' initialized
2024-09-26 09:34:46,384 CRIT Server 'inet_http_server' running without any HTTP authentication checking
2024-09-26 09:34:46,685 INFO RPC interface 'supervisor' initialized
2024-09-26 09:34:46,685 CRIT Server 'unix_http_server' running without any HTTP authentication checking
2024-09-26 09:34:46,685 INFO supervisord started with pid 1
2024-09-26 09:34:47,688 INFO spawned: 'apache2' with pid 7
2024-09-26 09:34:48,741 INFO success: apache2 entered RUNNING state, process has stayed up for > than 1 seconds (startsecs)
2024-09-26 09:35:59,952 INFO Included extra file "/etc/supervisor/conf.d/apache.conf" during parsing
2024-09-26 09:35:59,952 INFO Set uid to user 1000 succeeded
2024-09-26 09:35:59,956 INFO RPC interface 'supervisor' initialized
2024-09-26 09:35:59,956 CRIT Server 'inet_http_server' running without any HTTP authentication checking
2024-09-26 09:36:00,257 INFO RPC interface 'supervisor' initialized
2024-09-26 09:36:00,257 CRIT Server 'unix_http_server' running without any HTTP authentication checking
2024-09-26 09:36:00,257 INFO supervisord started with pid 1
2024-09-26 09:36:01,260 INFO spawned: 'apache2' with pid 7
2024-09-26 09:36:02,314 INFO success: apache2 entered RUNNING state, process has stayed up for > than 1 seconds (startsecs)
2024-09-26 09:37:15,354 INFO Included extra file "/etc/supervisor/conf.d/apache.conf" during parsing
2024-09-26 09:37:15,354 INFO Set uid to user 1000 succeeded
2024-09-26 09:37:15,358 INFO RPC interface 'supervisor' initialized
2024-09-26 09:37:15,358 CRIT Server 'inet_http_server' running without any HTTP authentication checking
2024-09-26 09:37:15,659 INFO RPC interface 'supervisor' initialized
2024-09-26 09:37:15,659 CRIT Server 'unix_http_server' running without any HTTP authentication checking
2024-09-26 09:37:15,659 INFO supervisord started with pid 1
2024-09-26 09:37:16,662 INFO spawned: 'apache2' with pid 7
2024-09-26 09:37:17,721 INFO success: apache2 entered RUNNING state, process has stayed up for > than 1 seconds (startsecs)
2024-09-26 09:38:44,777 INFO Included extra file "/etc/supervisor/conf.d/apache.conf" during parsing
2024-09-26 09:38:44,777 INFO Set uid to user 1000 succeeded
2024-09-26 09:38:44,782 INFO RPC interface 'supervisor' initialized
2024-09-26 09:38:44,782 CRIT Server 'inet_http_server' running without any HTTP authentication checking
2024-09-26 09:38:45,083 INFO RPC interface 'supervisor' initialized
2024-09-26 09:38:45,083 CRIT Server 'unix_http_server' running without any HTTP authentication checking
2024-09-26 09:38:45,084 INFO supervisord started with pid 1
2024-09-26 09:38:46,086 INFO spawned: 'apache2' with pid 7
2024-09-26 09:38:47,141 INFO success: apache2 entered RUNNING state, process has stayed up for > than 1 seconds (startsecs)
2024-09-26 09:39:25,994 INFO Included extra file "/etc/supervisor/conf.d/apache.conf" during parsing
2024-09-26 09:39:25,994 INFO Set uid to user 1000 succeeded
2024-09-26 09:39:25,997 INFO RPC interface 'supervisor' initialized
2024-09-26 09:39:25,997 CRIT Server 'inet_http_server' running without any HTTP authentication checking
2024-09-26 09:39:26,298 INFO RPC interface 'supervisor' initialized
2024-09-26 09:39:26,298 CRIT Server 'unix_http_server' running without any HTTP authentication checking
2024-09-26 09:39:26,298 INFO supervisord started with pid 1
2024-09-26 09:39:27,300 INFO spawned: 'apache2' with pid 7
2024-09-26 09:39:28,356 INFO success: apache2 entered RUNNING state, process has stayed up for > than 1 seconds (startsecs)
2024-09-26 09:40:32,664 INFO Included extra file "/etc/supervisor/conf.d/apache.conf" during parsing
2024-09-26 09:40:32,664 INFO Set uid to user 1000 succeeded
2024-09-26 09:40:32,667 INFO RPC interface 'supervisor' initialized
2024-09-26 09:40:32,667 CRIT Server 'inet_http_server' running without any HTTP authentication checking
2024-09-26 09:40:32,968 INFO RPC interface 'supervisor' initialized
2024-09-26 09:40:32,968 CRIT Server 'unix_http_server' running without any HTTP authentication checking
2024-09-26 09:40:32,968 INFO supervisord started with pid 1
2024-09-26 09:40:33,970 INFO spawned: 'apache2' with pid 7
2024-09-26 09:40:35,023 INFO success: apache2 entered RUNNING state, process has stayed up for > than 1 seconds (startsecs)
2024-09-26 10:01:23,282 INFO Included extra file "/etc/supervisor/conf.d/apache.conf" during parsing
2024-09-26 10:01:23,282 INFO Set uid to user 1000 succeeded
2024-09-26 10:01:23,288 INFO RPC interface 'supervisor' initialized
2024-09-26 10:01:23,288 CRIT Server 'inet_http_server' running without any HTTP authentication checking
2024-09-26 10:01:23,589 INFO RPC interface 'supervisor' initialized
2024-09-26 10:01:23,589 CRIT Server 'unix_http_server' running without any HTTP authentication checking
2024-09-26 10:01:23,590 INFO supervisord started with pid 1
2024-09-26 10:01:24,593 INFO spawned: 'apache2' with pid 7
2024-09-26 10:01:25,693 INFO success: apache2 entered RUNNING state, process has stayed up for > than 1 seconds (startsecs)
2024-09-26 10:01:49,671 INFO Included extra file "/etc/supervisor/conf.d/apache.conf" during parsing
2024-09-26 10:01:49,671 INFO Set uid to user 1000 succeeded
2024-09-26 10:01:49,675 INFO RPC interface 'supervisor' initialized
2024-09-26 10:01:49,675 CRIT Server 'inet_http_server' running without any HTTP authentication checking
2024-09-26 10:01:49,975 INFO RPC interface 'supervisor' initialized
2024-09-26 10:01:49,976 CRIT Server 'unix_http_server' running without any HTTP authentication checking
2024-09-26 10:01:49,976 INFO supervisord started with pid 1
2024-09-26 10:01:50,979 INFO spawned: 'apache2' with pid 7
2024-09-26 10:01:52,036 INFO success: apache2 entered RUNNING state, process has stayed up for > than 1 seconds (startsecs)
2024-09-26 10:08:27,284 INFO Included extra file "/etc/supervisor/conf.d/apache.conf" during parsing
2024-09-26 10:08:27,284 INFO Set uid to user 1000 succeeded
2024-09-26 10:08:27,287 INFO RPC interface 'supervisor' initialized
2024-09-26 10:08:27,287 CRIT Server 'inet_http_server' running without any HTTP authentication checking
2024-09-26 10:08:27,588 INFO RPC interface 'supervisor' initialized
2024-09-26 10:08:27,588 CRIT Server 'unix_http_server' running without any HTTP authentication checking
2024-09-26 10:08:27,588 INFO supervisord started with pid 1
2024-09-26 10:08:28,592 INFO spawned: 'apache2' with pid 7
2024-09-26 10:08:29,685 INFO success: apache2 entered RUNNING state, process has stayed up for > than 1 seconds (startsecs)
2024-09-26 10:13:54,008 INFO Included extra file "/etc/supervisor/conf.d/apache.conf" during parsing
2024-09-26 10:13:54,008 INFO Set uid to user 1000 succeeded
2024-09-26 10:13:54,011 INFO RPC interface 'supervisor' initialized
2024-09-26 10:13:54,011 CRIT Server 'inet_http_server' running without any HTTP authentication checking
2024-09-26 10:13:54,311 INFO RPC interface 'supervisor' initialized
2024-09-26 10:13:54,311 CRIT Server 'unix_http_server' running without any HTTP authentication checking
2024-09-26 10:13:54,312 INFO supervisord started with pid 1
2024-09-26 10:13:55,314 INFO spawned: 'apache2' with pid 7
2024-09-26 10:13:56,365 INFO success: apache2 entered RUNNING state, process has stayed up for > than 1 seconds (startsecs)
2024-09-26 10:16:10,341 INFO Included extra file "/etc/supervisor/conf.d/apache.conf" during parsing
2024-09-26 10:16:10,341 INFO Set uid to user 1000 succeeded
2024-09-26 10:16:10,344 INFO RPC interface 'supervisor' initialized
2024-09-26 10:16:10,344 CRIT Server 'inet_http_server' running without any HTTP authentication checking
2024-09-26 10:16:10,644 INFO RPC interface 'supervisor' initialized
2024-09-26 10:16:10,645 CRIT Server 'unix_http_server' running without any HTTP authentication checking
2024-09-26 10:16:10,645 INFO supervisord started with pid 1
2024-09-26 10:16:11,648 INFO spawned: 'apache2' with pid 7
2024-09-26 10:16:12,701 INFO success: apache2 entered RUNNING state, process has stayed up for > than 1 seconds (startsecs)
